debug 2024/07/04 20:59:39 Scrape took 401.044042ms
debug 2024/07/04 20:59:39 List initialization took 255.708µs
debug 2024/07/04 20:59:50 Scrape took 354.121417ms
debug 2024/07/04 20:59:50 List initialization took 215.417µs
debug 2024/07/04 20:59:53 Scrape took 349.90325ms
debug 2024/07/04 20:59:53 List initialization took 213.375µs
debug 2024/07/04 21:04:31 Scrape took 764.912125ms
debug 2024/07/04 21:04:31 List initialization took 245.208µs
debug 2024/07/04 21:04:50 Scrape took 605.88725ms
debug 2024/07/04 21:04:50 List initialization took 251.042µs
debug 2024/07/04 21:05:32 Scrape took 576.497ms
debug 2024/07/04 21:05:32 List initialization took 326.416µs
debug 2024/07/04 21:05:54 Scrape took 657.950916ms
debug 2024/07/04 21:05:54 List initialization took 593.166µs
debug 2024/07/04 21:06:04 Scrape took 696.874667ms
debug 2024/07/04 21:06:04 List initialization took 308.542µs
debug 2024/07/04 21:06:37 Scrape took 543.557041ms
debug 2024/07/04 21:06:37 List initialization took 315.084µs
debug 2024/07/04 21:11:17 Scrape took 631.840958ms
debug 2024/07/04 21:11:17 List initialization took 377µs
debug 2024/07/04 21:11:45 Scrape took 1.006638667s
debug 2024/07/04 21:11:45 List initialization took 292.625µs
debug 2024/07/04 21:11:49 Scrape took 989.935625ms
debug 2024/07/04 21:11:49 List initialization took 324.416µs
debug 2024/07/04 21:12:15 Scrape took 740.741375ms
debug 2024/07/04 21:12:15 List initialization took 372.541µs
debug 2024/07/04 21:12:19 Scrape took 413.593834ms
debug 2024/07/04 21:12:19 List initialization took 314.875µs
debug 2024/07/04 21:12:23 Scrape took 484.433958ms
debug 2024/07/04 21:12:23 List initialization took 274.958µs
debug 2024/07/04 21:12:57 Scrape took 1.9801395s
debug 2024/07/04 21:12:57 List initialization took 420.666µs
debug 2024/07/04 21:13:03 Scrape took 445.3125ms
debug 2024/07/04 21:13:03 List initialization took 260.75µs
debug 2024/07/04 21:13:17 Scrape took 597.508542ms
debug 2024/07/04 21:13:17 List initialization took 321.125µs
debug 2024/07/04 21:13:34 Scrape took 944.637875ms
debug 2024/07/04 21:13:34 List initialization took 315.208µs
debug 2024/07/04 21:13:49 Scrape took 1.341387583s
debug 2024/07/04 21:13:49 List initialization took 369.208µs
debug 2024/07/04 21:14:03 Scrape took 735.919375ms
debug 2024/07/04 21:14:03 List initialization took 275.084µs
debug 2024/07/04 21:14:30 Scrape took 612.367583ms
debug 2024/07/04 21:14:30 List initialization took 352.208µs
debug 2024/07/04 21:14:36 Scrape took 537.646333ms
debug 2024/07/04 21:14:36 List initialization took 312.166µs
debug 2024/07/04 21:16:51 Scrape took 683.098333ms
debug 2024/07/04 21:16:51 List initialization took 355.584µs
debug 2024/07/04 21:16:57 Scrape took 1.043231292s
debug 2024/07/04 21:16:57 List initialization took 1.066084ms
debug 2024/07/04 21:17:27 Scrape took 1.004466292s
debug 2024/07/04 21:17:27 List initialization took 307.375µs
debug 2024/07/04 21:19:22 Scrape took 891.852459ms
debug 2024/07/04 21:19:22 List initialization took 396.375µs
debug 2024/07/04 21:19:28 Scrape took 720.603625ms
debug 2024/07/04 21:19:28 List initialization took 321.292µs
debug 2024/07/04 21:22:27 Scrape took 770.248041ms
debug 2024/07/04 21:22:27 List initialization took 662µs
debug 2024/07/04 21:22:34 Scrape took 720.29725ms
debug 2024/07/04 21:22:34 List initialization took 357.25µs
debug 2024/07/04 21:23:06 Scrape took 893.5695ms
debug 2024/07/04 21:23:06 List initialization took 252.584µs
debug 2024/07/04 21:23:44 Scrape took 789.517209ms
debug 2024/07/04 21:23:44 List initialization took 317.542µs
debug 2024/07/04 21:24:05 Scrape took 1.018866417s
debug 2024/07/04 21:24:05 List initialization took 332.291µs
debug 2024/07/04 21:25:00 Scrape took 663.074084ms
debug 2024/07/04 21:25:00 List initialization took 314.209µs
debug 2024/07/04 21:25:11 Scrape took 687.033292ms
debug 2024/07/04 21:25:11 List initialization took 314.333µs
debug 2024/07/04 21:25:19 Scrape took 669.328167ms
debug 2024/07/04 21:25:19 List initialization took 306.417µs
debug 2024/07/04 21:25:56 Scrape took 571.500375ms
debug 2024/07/04 21:25:56 List initialization took 341.791µs
debug 2024/07/04 21:26:02 Scrape took 517.463584ms
debug 2024/07/04 21:26:02 List initialization took 311.583µs
debug 2024/07/04 21:27:57 Scrape took 1.75471625s
debug 2024/07/04 21:27:57 List initialization took 346.5µs
debug 2024/07/04 21:28:03 Scrape took 671.174333ms
debug 2024/07/04 21:28:03 List initialization took 361.667µs
debug 2024/07/04 21:32:23 Scrape took 297.084µs
debug 2024/07/04 21:32:27 Scrape took 129.5µs
debug 2024/07/04 21:32:28 Scrape took 107µs
debug 2024/07/04 21:32:28 Scrape took 77.459µs
debug 2024/07/04 21:32:29 Scrape took 111.167µs
debug 2024/07/04 21:32:29 Scrape took 94.167µs
debug 2024/07/04 21:32:29 Scrape took 60.042µs
debug 2024/07/04 21:32:29 Scrape took 148.458µs
debug 2024/07/04 21:32:29 Scrape took 74.333µs
debug 2024/07/04 21:32:29 Scrape took 79.917µs
debug 2024/07/04 21:32:36 Scrape took 368.791µs
debug 2024/07/04 21:33:42 Scrape took 604.416µs
debug 2024/07/04 21:35:46 Scrape took 514.758375ms
debug 2024/07/04 21:35:46 List initialization took 332.709µs
debug 2024/07/04 21:35:56 Scrape took 1.578492917s
debug 2024/07/04 21:35:56 List initialization took 388.167µs
debug 2024/07/04 21:36:09 Scrape took 1.151339167s
debug 2024/07/04 21:36:09 List initialization took 494.375µs
debug 2024/07/04 21:36:15 Scrape took 964.491833ms
debug 2024/07/04 21:36:15 List initialization took 349.417µs
debug 2024/07/04 21:36:37 Scrape took 1.616864083s
debug 2024/07/04 21:36:37 List initialization took 326.084µs
debug 2024/07/04 21:36:50 Scrape took 1.700442125s
debug 2024/07/04 21:36:50 List initialization took 359.25µs
debug 2024/07/04 21:37:13 Scrape took 1.0515435s
debug 2024/07/04 21:37:13 List initialization took 412µs
debug 2024/07/04 21:37:18 Scrape took 758.587208ms
debug 2024/07/04 21:37:18 List initialization took 290.042µs
debug 2024/07/04 21:37:25 Scrape took 642.791917ms
debug 2024/07/04 21:37:25 List initialization took 282.25µs
debug 2024/07/04 21:37:34 Scrape took 693.551166ms
debug 2024/07/04 21:37:34 List initialization took 294.75µs
debug 2024/07/05 00:43:45 Scrape took 448.110833ms
debug 2024/07/05 00:43:45 List initialization took 340.042
debug 2024/07/12 20:28:55 Scrape took 545.026792ms
debug 2024/07/12 20:28:55 List initialization took 319.667µs
debug 2024/07/12 20:29:09 Scrape took 131.459µs
debug 2024/07/12 20:29:21 Scrape took 49.167µs
debug 2024/07/27 20:12:45 Scrape took 476.059958ms
debug 2024/07/27 20:12:45 List initialization took 466.417µs
debug 2024/07/27 20:13:14 Scrape took 333.345459ms
debug 2024/07/27 20:13:14 List initialization took 301.959µs
debug 2024/07/27 20:13:17 Scrape took 356.944375ms
debug 2024/07/27 20:13:17 List initialization took 339.125µs
debug 2024/07/27 20:13:21 Scrape took 561.174875ms
debug 2024/07/27 20:13:21 List initialization took 288.25µs
debug 2024/07/27 20:22:20 Scrape took 465.796458ms
debug 2024/07/27 20:22:20 List initialization took 282.583µs
debug 2024/07/27 20:24:25 Scrape took 451.889666ms
debug 2024/07/27 20:24:25 List initialization took 241.042µs
debug 2024/07/27 20:24:31 Failed to get video link
debug 2024/07/27 20:25:05 Scrape took 814.216875ms
debug 2024/07/27 20:25:05 List initialization took 267.25µs
debug 2024/07/27 20:25:06 Failed to get video link
debug 2024/07/27 20:26:41 Scrape took 494.588666ms
debug 2024/07/27 20:26:41 List initialization took 309.541µs
debug 2024/07/27 20:26:42 Failed to get video link
debug 2024/07/27 20:28:39 Scrape took 580.541ms
debug 2024/07/27 20:28:39 List initialization took 279µs
debug 2024/07/27 20:28:41 Failed to get video link
debug 2024/07/27 20:30:07 Scrape took 538.365292ms
debug 2024/07/27 20:30:07 List initialization took 253.417µs
debug 2024/07/27 20:30:09 Failed to get video link
debug 2024/07/27 20:32:36 Scrape took 469.019209ms
debug 2024/07/27 20:32:36 List initialization took 259.125µs
debug 2024/07/27 20:32:37 Failed to get video link
debug 2024/07/27 20:32:47 Scrape took 653.749166ms
debug 2024/07/27 20:32:47 List initialization took 268.208µs
debug 2024/07/27 20:32:49 Failed to get video link
debug 2024/07/27 21:09:26 Scrape took 1.192659584s
debug 2024/07/27 21:09:26 List initialization took 350.375µs
debug 2024/07/27 21:17:13 Scrape took 2.769956583s
debug 2024/07/27 21:17:13 List initialization took 267.75µs
debug 2024/07/27 21:20:33 Scrape took 1.488538s
debug 2024/07/27 21:20:33 List initialization took 274.333µs
debug 2024/07/27 21:28:54 Scrape took 1.549402958s
debug 2024/07/27 21:28:54 List initialization took 339.833µs
debug 2024/07/27 21:30:39 Scrape took 1.460751791s
debug 2024/07/27 21:30:39 List initialization took 496.917µs
debug 2024/07/27 21:31:59 Scrape took 2.252814833s
debug 2024/07/27 21:31:59 List initialization took 523.958µs
debug 2024/07/27 21:33:17 Scrape took 2.93706775s
debug 2024/07/27 21:33:17 List initialization took 245.958µs
debug 2024/07/27 21:40:04 Scrape took 1.731494917s
debug 2024/07/27 21:40:04 List initialization took 218µs
debug 2024/07/27 21:46:13 Scrape took 2.857391667s
debug 2024/07/27 21:46:13 List initialization took 341.166µs
debug 2024/07/27 21:54:30 Scrape took 1.420521334s
debug 2024/07/27 21:54:30 List initialization took 962.584µs
debug 2024/07/27 21:55:52 Scrape took 1.401735541s
debug 2024/07/27 21:55:52 List initialization took 470.25µs
debug 2024/07/27 22:01:28 Scrape took 2.075599125s
debug 2024/07/27 22:01:28 List initialization took 313.709µs
debug 2024/07/27 22:03:14 Scrape took 2.44441525s
debug 2024/07/27 22:03:14 List initialization took 273.459µs
debug 2024/07/27 22:03:32 Scrape took 3.317774625s
debug 2024/07/27 22:03:32 List initialization took 333.167µs
debug 2024/07/27 22:05:16 Scrape took 1.575879417s
debug 2024/07/27 22:05:16 List initialization took 256µs
debug 2024/07/27 22:14:19 Scrape took 1.115716792s
debug 2024/07/27 22:14:19 List initialization took 293.584µs
